-------------------------------------------------------------------------------
Test set: net.runelite.client.plugins.cluescrolls.clues.CoordinateClueTest
-------------------------------------------------------------------------------
Tests run: 6, Failures: 1, Errors: 0, Skipped: 0, Time elapsed: 0.022 s <<< FAILURE! - in net.runelite.client.plugins.cluescrolls.clues.CoordinateClueTest
testResourceAreaCosts(net.runelite.client.plugins.cluescrolls.clues.CoordinateClueTest)  Time elapsed: 0.007 s  <<< FAILURE!
java.lang.AssertionError
	at net.runelite.client.plugins.cluescrolls.clues.CoordinateClueTest.testResourceAreaCosts(CoordinateClueTest.java:110)

